<?xml version="1.0" encoding="UTF-8"?>
<testsuite name="MenuTest" tests="4" skipped="0" failures="0" errors="0" timestamp="2022-05-02T18:17:09" hostname="LTMX081570" time="0.016">
  <properties/>
  <testcase name="modifyInterviewer()" classname="MenuTest" time="0.007"/>
  <testcase name="deleteInterviewer()" classname="MenuTest" time="0.003"/>
  <testcase name="addNewInterviewer()" classname="MenuTest" time="0.002"/>
  <testcase name="getInterviewer()" classname="MenuTest" time="0.002"/>
  <system-out><![CDATA[]]></system-out>
  <system-err><![CDATA[]]></system-err>
</testsuite>
