<?xml version="1.0" encoding="UTF-8"?>
<testsuite name="InterviewerTest" tests="5" skipped="0" failures="0" errors="0" timestamp="2022-05-02T18:17:09" hostname="LTMX081570" time="0.01">
  <properties/>
  <testcase name="delete()" classname="InterviewerTest" time="0.003"/>
  <testcase name="add()" classname="InterviewerTest" time="0.0"/>
  <testcase name="save()" classname="InterviewerTest" time="0.001"/>
  <testcase name="getByNonExistingEmail()" classname="InterviewerTest" time="0.002"/>
  <testcase name="getByEmail()" classname="InterviewerTest" time="0.001"/>
  <system-out><![CDATA[1
2
]]></system-out>
  <system-err><![CDATA[]]></system-err>
</testsuite>
