<?xml version="1.0" encoding="UTF-8"?>
<testsuite name="InterviewTypeTest" tests="3" skipped="0" failures="0" errors="0" timestamp="2022-05-02T18:17:09" hostname="LTMX081570" time="0.005">
  <properties/>
  <testcase name="delete()" classname="InterviewTypeTest" time="0.002"/>
  <testcase name="add()" classname="InterviewTypeTest" time="0.0"/>
  <testcase name="save()" classname="InterviewTypeTest" time="0.001"/>
  <system-out><![CDATA[1
2
]]></system-out>
  <system-err><![CDATA[]]></system-err>
</testsuite>
